[2025-12-12T08:11:46.114+0000] {local_task_job_runner.py:123} INFO - ::group::Pre task execution logs
[2025-12-12T08:11:46.142+0000] {taskinstance.py:2614} INFO - Dependencies all met for dep_context=non-requeueable deps ti=<TaskInstance: aviasales_api.task_trigger_aviasales_prices scheduled__2025-12-11T13:30:00+00:00 [queued]>
[2025-12-12T08:11:46.157+0000] {taskinstance.py:2614} INFO - Dependencies all met for dep_context=requeueable deps ti=<TaskInstance: aviasales_api.task_trigger_aviasales_prices scheduled__2025-12-11T13:30:00+00:00 [queued]>
[2025-12-12T08:11:46.159+0000] {taskinstance.py:2867} INFO - Starting attempt 1 of 1
[2025-12-12T08:11:46.190+0000] {taskinstance.py:2890} INFO - Executing <Task(PythonOperator): task_trigger_aviasales_prices> on 2025-12-11 13:30:00+00:00
[2025-12-12T08:11:46.201+0000] {warnings.py:112} WARNING - /home/***/.local/lib/python3.12/site-packages/***/task/task_runner/standard_task_runner.py:70: DeprecationWarning: This process (pid=62) is multi-threaded, use of fork() may lead to deadlocks in the child.
  pid = os.fork()

[2025-12-12T08:11:46.205+0000] {standard_task_runner.py:72} INFO - Started process 68 to run task
[2025-12-12T08:11:46.206+0000] {standard_task_runner.py:104} INFO - Running: ['***', 'tasks', 'run', 'aviasales_api', 'task_trigger_aviasales_prices', 'scheduled__2025-12-11T13:30:00+00:00', '--job-id', '110', '--raw', '--subdir', 'DAGS_FOLDER/run_aviasales_app_dag.py', '--cfg-path', '/tmp/tmpppk3tw0f']
[2025-12-12T08:11:46.208+0000] {standard_task_runner.py:105} INFO - Job 110: Subtask task_trigger_aviasales_prices
[2025-12-12T08:11:46.233+0000] {warnings.py:112} WARNING - /home/***/.local/lib/python3.12/site-packages/***/settings.py:209: DeprecationWarning: The sql_alchemy_conn option in [core] has been moved to the sql_alchemy_conn option in [database] - the old setting has been used, but please update your config.
  SQL_ALCHEMY_CONN = conf.get("database", "SQL_ALCHEMY_CONN")

[2025-12-12T08:11:46.304+0000] {task_command.py:467} INFO - Running <TaskInstance: aviasales_api.task_trigger_aviasales_prices scheduled__2025-12-11T13:30:00+00:00 [running]> on host e4ab97893ccb
[2025-12-12T08:11:46.307+0000] {warnings.py:112} WARNING - /home/***/.local/lib/python3.12/site-packages/***/settings.py:470: DeprecationWarning: The sql_alchemy_conn option in [core] has been moved to the sql_alchemy_conn option in [database] - the old setting has been used, but please update your config.
  if conf.get("database", "sql_alchemy_conn") == "none://":

[2025-12-12T08:11:46.503+0000] {taskinstance.py:3134} INFO - Exporting env vars: AIRFLOW_CTX_DAG_OWNER='***' AIRFLOW_CTX_DAG_ID='aviasales_api' AIRFLOW_CTX_TASK_ID='task_trigger_aviasales_prices' AIRFLOW_CTX_EXECUTION_DATE='2025-12-11T13:30:00+00:00' AIRFLOW_CTX_TRY_NUMBER='1' AIRFLOW_CTX_DAG_RUN_ID='scheduled__2025-12-11T13:30:00+00:00'
[2025-12-12T08:11:46.505+0000] {taskinstance.py:732} INFO - ::endgroup::
[2025-12-12T08:11:46.542+0000] {log.py:232} WARNING - 2025-12-12 08:11:46.541 | INFO     | unusual_prefix_5d39509cc2aa2b989d2fd9cc4338d1bb1c8d4505_run_aviasales_app_dag:task_trigger_aviasales_prices:27 - Запуск Aviasales DAG
[2025-12-12T08:11:46.544+0000] {log.py:232} WARNING - 2025-12-12 08:11:46.544 | INFO     | unusual_prefix_5d39509cc2aa2b989d2fd9cc4338d1bb1c8d4505_run_aviasales_app_dag:task_trigger_aviasales_prices:41 - Отправка данных в FastAPI Aviasales: {'origin': 'MOW', 'destination': 'DXB', 'departure_at': '2025-12-13', 'return_at': '2025-12-18', 'limit': 20}
[2025-12-12T08:12:19.361+0000] {log.py:232} WARNING - 2025-12-12 08:12:19.360 | INFO     | unusual_prefix_5d39509cc2aa2b989d2fd9cc4338d1bb1c8d4505_run_aviasales_app_dag:task_trigger_aviasales_prices:56 - Aviasales ответ (дата вылета 2025-12-13): {'data': [{'flight_number': '793', 'link': '/search/MOW1312DXB18121?t=UT17656203001765644000000335VKODWC17660751001766092500000350DWCVKO_d0ed4d05f29d4e98fb90d56530fe5636_17970&search_date=12122025&expected_price_uuid=4d49bb1d-8be2-440c-b1b6-a87f90d1fd03&expected_price_source=share&expected_price_currency=rub&expected_price=17968', 'origin_airport': 'VKO', 'destination_airport': 'DWC', 'departure_at': '2025-12-13T10:05:00+03:00', 'airline': 'DP', 'destination': 'DXB', 'return_at': '2025-12-18T16:25:00+04:00', 'origin': 'MOW', 'price': 17968, 'return_transfers': 0, 'duration': 685, 'duration_to': 335, 'duration_back': 350, 'transfers': 0}, {'flight_number': '797', 'link': '/search/MOW1312DXB18121?t=U617656110001765634400000330DMEDWC17660706001766087700000345DWCDME_382707a1658b2dd8b1f8479350ba3ea9_19004&search_date=12122025&expected_price_uuid=4d49bb1d-8be2-440c-b1b6-a87f90d1fd03&expected_price_source=share&expected_price_currency=rub&expected_price=19002', 'origin_airport': 'DME', 'destination_airport': 'DWC', 'departure_at': '2025-12-13T07:30:00+03:00', 'airline': 'U6', 'destination': 'DXB', 'return_at': '2025-12-18T15:10:00+04:00', 'origin': 'MOW', 'price': 19002, 'return_transfers': 0, 'duration': 675, 'duration_to': 330, 'duration_back': 345, 'transfers': 0}, {'flight_number': '793', 'link': '/search/MOW1312DXB18121?t=U617656203001765644000000335VKODWC17660706001766087700000345DWCDME_4b04d062cf083eeb6e40923b2adad7b1_19011&search_date=12122025&expected_price_uuid=4d49bb1d-8be2-440c-b1b6-a87f90d1fd03&expected_price_source=share&expected_price_currency=rub&expected_price=19009', 'origin_airport': 'VKO', 'destination_airport': 'DWC', 'departure_at': '2025-12-13T10:05:00+03:00', 'airline': 'DP', 'destination': 'DXB', 'return_at': '2025-12-18T15:10:00+04:00', 'origin': 'MOW', 'price': 19009, 'return_transfers': 0, 'duration': 680, 'duration_to': 335, 'duration_back': 345, 'transfers': 0}, {'flight_number': '797', 'link': '/search/MOW1312DXB18121?t=UT17656110001765634400000330DMEDWC17660751001766092500000350DWCVKO_ce93f76d15a7b1d84787af8791cd8e00_19200&search_date=12122025&expected_price_uuid=4d49bb1d-8be2-440c-b1b6-a87f90d1fd03&expected_price_source=share&expected_price_currency=rub&expected_price=19198', 'origin_airport': 'DME', 'destination_airport': 'DWC', 'departure_at': '2025-12-13T07:30:00+03:00', 'airline': 'U6', 'destination': 'DXB', 'return_at': '2025-12-18T16:25:00+04:00', 'origin': 'MOW', 'price': 19198, 'return_transfers': 0, 'duration': 680, 'duration_to': 330, 'duration_back': 350, 'transfers': 0}, {'flight_number': '991', 'link': '/search/MOW1312DXB18121?t=DP17656131001765636800000335VKODWC17660718001766089200000350DWCVKO_cc935e1ae5f539719342ad5eeb7f4070_22298&search_date=12122025&expected_price_uuid=4d49bb1d-8be2-440c-b1b6-a87f90d1fd03&expected_price_source=share&expected_price_currency=rub&expected_price=22296', 'origin_airport': 'VKO', 'destination_airport': 'DWC', 'departure_at': '2025-12-13T08:05:00+03:00', 'airline': 'DP', 'destination': 'DXB', 'return_at': '2025-12-18T15:30:00+04:00', 'origin': 'MOW', 'price': 22296, 'return_transfers': 0, 'duration': 685, 'duration_to': 335, 'duration_back': 350, 'transfers': 0}, {'flight_number': '2513', 'link': '/search/MOW1312DXB18121?t=S717656668001765712700000705DMEOVBDXB17660751001766092500000350DWCVKO_8b0cc66fdeee769bfd50eaf65217fc97_22861&search_date=12122025&expected_price_uuid=4d49bb1d-8be2-440c-b1b6-a87f90d1fd03&expected_price_source=share&expected_price_currency=rub&expected_price=22859', 'origin_airport': 'DME', 'destination_airport': 'DXB', 'departure_at': '2025-12-13T23:00:00+03:00', 'airline': 'S7', 'destination': 'DXB', 'return_at': '2025-12-18T16:25:00+04:00', 'origin': 'MOW', 'price': 22859, 'return_transfers': 0, 'duration': 1055, 'duration_to': 630, 'duration_back': 350, 'transfers': 1}, {'flight_number': '2513', 'link': '/search/MOW1312DXB18121?t=S717656668001765712700000705DMEOVBDXB17660790001766096400000350DWCVKO_8531a099fcb1f00ac1c4aa1cfd690c9e_23195&search_date=12122025&expected_price_uuid=4d49bb1d-8be2-440c-b1b6-a87f90d1fd03&expected_price_source=share&expected_price_currency=rub&expected_price=23193', 'origin_airport': 'DME', 'destination_airport': 'DXB', 'departure_at': '2025-12-13T23:00:00+03:00', 'airline': 'S7', 'destination': 'DXB', 'return_at': '2025-12-18T17:30:00+04:00', 'origin': 'MOW', 'price': 23193, 'return_transfers': 0, 'duration': 1055, 'duration_to': 630, 'duration_back': 350, 'transfers': 1}, {'flight_number': '797', 'link': '/search/MOW1312DXB18121?t=DP17656110001765634400000330DMEDWC17660718001766089200000350DWCVKO_fe8c5c463618e285aefff6a250719440_23361&search_date=12122025&expected_price_uuid=4d49bb1d-8be2-440c-b1b6-a87f90d1fd03&expected_price_source=share&expected_price_currency=rub&expected_price=23359', 'origin_airport': 'DME', 'destination_airport': 'DWC', 'departure_at': '2025-12-13T07:30:00+03:00', 'airline': 'U6', 'destination': 'DXB', 'return_at': '2025-12-18T15:30:00+04:00', 'origin': 'MOW', 'price': 23359, 'return_transfers': 0, 'duration': 680, 'duration_to': 330, 'duration_back': 350, 'transfers': 0}, {'flight_number': '797', 'link': '/search/MOW1312DXB18121?t=U617656110001765634400000330DMEDWC17660706001766087700000345DWCDME_382707a1658b2dd8b1f8479350ba3ea9_24498&search_date=12122025&expected_price_uuid=4d49bb1d-8be2-440c-b1b6-a87f90d1fd03&expected_price_source=share&expected_price_currency=rub&expected_price=24496', 'origin_airport': 'DME', 'destination_airport': 'DWC', 'departure_at': '2025-12-13T07:30:00+03:00', 'airline': 'U6', 'destination': 'DXB', 'return_at': '2025-12-18T15:10:00+04:00', 'origin': 'MOW', 'price': 24496, 'return_transfers': 0, 'duration': 675, 'duration_to': 330, 'duration_back': 345, 'transfers': 0}, {'flight_number': '2513', 'link': '/search/MOW1312DXB18121?t=S717656668001765712700000705DMEOVBDXB17660706001766087700000345DWCDME_26394b192dbc24a7f26543a62f39a6b7_24629&search_date=12122025&expected_price_uuid=4d49bb1d-8be2-440c-b1b6-a87f90d1fd03&expected_price_source=share&expected_price_currency=rub&expected_price=24627', 'origin_airport': 'DME', 'destination_airport': 'DXB', 'departure_at': '2025-12-13T23:00:00+03:00', 'airline': 'S7', 'destination': 'DXB', 'return_at': '2025-12-18T15:10:00+04:00', 'origin': 'MOW', 'price': 24627, 'return_transfers': 0, 'duration': 1050, 'duration_to': 630, 'duration_back': 345, 'transfers': 1}, {'flight_number': '797', 'link': '/search/MOW1312DXB18121?t=UT17656110001765634400000330DMEDWC17660751001766092500000350DWCVKO_ce93f76d15a7b1d84787af8791cd8e00_25896&search_date=12122025&expected_price_uuid=4d49bb1d-8be2-440c-b1b6-a87f90d1fd03&expected_price_source=share&expected_price_currency=rub&expected_price=25894', 'origin_airport': 'DME', 'destination_airport': 'DWC', 'departure_at': '2025-12-13T07:30:00+03:00', 'airline': 'U6', 'destination': 'DXB', 'return_at': '2025-12-18T16:25:00+04:00', 'origin': 'MOW', 'price': 25894, 'return_transfers': 0, 'duration': 680, 'duration_to': 330, 'duration_back': 350, 'transfers': 0}, {'flight_number': '520', 'link': '/search/MOW1312DXB18121?t=SU17656137001765638000000345SVODXB17660706001766087700000345DWCDME_b71179764ef169f9bd199c2e7ddcc7a7_26471&search_date=12122025&expected_price_uuid=4d49bb1d-8be2-440c-b1b6-a87f90d1fd03&expected_price_source=share&expected_price_currency=rub&expected_price=26469', 'origin_airport': 'SVO', 'destination_airport': 'DXB', 'departure_at': '2025-12-13T08:15:00+03:00', 'airline': 'SU', 'destination': 'DXB', 'return_at': '2025-12-18T15:10:00+04:00', 'origin': 'MOW', 'price': 26469, 'return_transfers': 0, 'duration': 690, 'duration_to': 345, 'duration_back': 345, 'transfers': 0}, {'flight_number': '793', 'link': '/search/MOW1312DXB18121?t=DP17656203001765644000000335VKODWC17660418001766080200000700DWCAERDME_b91b6881d6ecde9d94442ff9ec782326_27258&search_date=12122025&expected_price_uuid=4d49bb1d-8be2-440c-b1b6-a87f90d1fd03&expected_price_source=share&expected_price_currency=rub&expected_price=27256', 'origin_airport': 'VKO', 'destination_airport': 'DWC', 'departure_at': '2025-12-13T10:05:00+03:00', 'airline': 'DP', 'destination': 'DXB', 'return_at': '2025-12-18T07:10:00+04:00', 'origin': 'MOW', 'price': 27256, 'return_transfers': 1, 'duration': 1035, 'duration_to': 335, 'duration_back': 435, 'transfers': 0}, {'flight_number': '793', 'link': '/search/MOW1312DXB18121?t=DP17656203001765644000000335VKODWC17660418001766077200000650DWCAERSVO_e716a8191424c6e0d7619cd934884e71_27323&search_date=12122025&expected_price_uuid=4d49bb1d-8be2-440c-b1b6-a87f90d1fd03&expected_price_source=share&expected_price_currency=rub&expected_price=27321', 'origin_airport': 'VKO', 'destination_airport': 'DWC', 'departure_at': '2025-12-13T10:05:00+03:00', 'airline': 'DP', 'destination': 'DXB', 'return_at': '2025-12-18T07:10:00+04:00', 'origin': 'MOW', 'price': 27321, 'return_transfers': 1, 'duration': 985, 'duration_to': 335, 'duration_back': 450, 'transfers': 0}, {'flight_number': '793', 'link': '/search/MOW1312DXB18121?t=DP17656203001765644000000335VKODWC17660418001766079600000690DWCAERSVO_7221aa0ec5ad1366cdbd00e3722b17f3_27323&search_date=12122025&expected_price_uuid=4d49bb1d-8be2-440c-b1b6-a87f90d1fd03&expected_price_source=share&expected_price_currency=rub&expected_price=27321', 'origin_airport': 'VKO', 'destination_airport': 'DWC', 'departure_at': '2025-12-13T10:05:00+03:00', 'airline': 'DP', 'destination': 'DXB', 'return_at': '2025-12-18T07:10:00+04:00', 'origin': 'MOW', 'price': 27321, 'return_transfers': 1, 'duration': 1025, 'duration_to': 335, 'duration_back': 440, 'transfers': 0}, {'flight_number': '520', 'link': '/search/MOW1312DXB18121?t=UT17656137001765638000000345SVODXB17660751001766092500000350DWCVKO_e51ff8513a82a85d066f77586433d5e2_29100&search_date=12122025&expected_price_uuid=4d49bb1d-8be2-440c-b1b6-a87f90d1fd03&expected_price_source=share&expected_price_currency=rub&expected_price=29097', 'origin_airport': 'SVO', 'destination_airport': 'DXB', 'departure_at': '2025-12-13T08:15:00+03:00', 'airline': 'SU', 'destination': 'DXB', 'return_at': '2025-12-18T16:25:00+04:00', 'origin': 'MOW', 'price': 29097, 'return_transfers': 0, 'duration': 695, 'duration_to': 345, 'duration_back': 350, 'transfers': 0}, {'flight_number': '279', 'link': '/search/MOW1312DXB18121?t=U617656188001765731600001820DMEAERDWC17660706001766087700000345DWCDME_d4cb79ec6aa7421e7713e987aa24a5e1_29294&search_date=12122025&expected_price_uuid=4d49bb1d-8be2-440c-b1b6-a87f90d1fd03&expected_price_source=share&expected_price_currency=rub&expected_price=29291', 'origin_airport': 'DME', 'destination_airport': 'DWC', 'departure_at': '2025-12-13T09:40:00+03:00', 'airline': 'U6', 'destination': 'DXB', 'return_at': '2025-12-18T15:10:00+04:00', 'origin': 'MOW', 'price': 29291, 'return_transfers': 0, 'duration': 2165, 'duration_to': 465, 'duration_back': 345, 'transfers': 1}, {'flight_number': '839', 'link': '/search/MOW1312DXB18121?t=UT17656188001765676700000905VKOAYTDXB17660751001766092500000350DWCVKO_ef1d66274ad2dfa8fab2f5695a9df7ac_29463&search_date=12122025&expected_price_uuid=4d49bb1d-8be2-440c-b1b6-a87f90d1fd03&expected_price_source=share&expected_price_currency=rub&expected_price=29460', 'origin_airport': 'VKO', 'destination_airport': 'DXB', 'departure_at': '2025-12-13T09:40:00+03:00', 'airline': 'DP', 'destination': 'DXB', 'return_at': '2025-12-18T16:25:00+04:00', 'origin': 'MOW', 'price': 29460, 'return_transfers': 0, 'duration': 1255, 'duration_to': 550, 'duration_back': 350, 'transfers': 1}, {'flight_number': '2511', 'link': '/search/MOW1312DXB18121?t=S717656581001765712700000850DMEOVBDXB17660790001766096400000350DWCVKO_07231906487f87618891dffa4328acd1_29472&search_date=12122025&expected_price_uuid=4d49bb1d-8be2-440c-b1b6-a87f90d1fd03&expected_price_source=share&expected_price_currency=rub&expected_price=29469', 'origin_airport': 'DME', 'destination_airport': 'DXB', 'departure_at': '2025-12-13T20:35:00+03:00', 'airline': 'S7', 'destination': 'DXB', 'return_at': '2025-12-18T17:30:00+04:00', 'origin': 'MOW', 'price': 29469, 'return_transfers': 0, 'duration': 1200, 'duration_to': 630, 'duration_back': 350, 'transfers': 1}, {'flight_number': '783', 'link': '/search/MOW1312DXB18121?t=UT17656218001765676700000855VKOAYTDXB17660751001766092500000350DWCVKO_cbb6adf4bab4707b41ca30baf03dd019_29873&search_date=12122025&expected_price_uuid=4d49bb1d-8be2-440c-b1b6-a87f90d1fd03&expected_price_source=share&expected_price_currency=rub&expected_price=29870', 'origin_airport': 'VKO', 'destination_airport': 'DXB', 'departure_at': '2025-12-13T10:30:00+03:00', 'airline': 'UT', 'destination': 'DXB', 'return_at': '2025-12-18T16:25:00+04:00', 'origin': 'MOW', 'price': 29870, 'return_transfers': 0, 'duration': 1205, 'duration_to': 560, 'duration_back': 350, 'transfers': 1}], 'currency': 'rub', 'success': True}
[2025-12-12T08:12:19.373+0000] {log.py:232} WARNING - 2025-12-12 08:12:19.373 | INFO     | unusual_prefix_5d39509cc2aa2b989d2fd9cc4338d1bb1c8d4505_run_aviasales_app_dag:task_trigger_aviasales_prices:41 - Отправка данных в FastAPI Aviasales: {'origin': 'MOW', 'destination': 'DXB', 'departure_at': '2025-12-14', 'return_at': '2025-12-19', 'limit': 20}
[2025-12-12T08:13:19.462+0000] {taskinstance.py:3313} ERROR - Task failed with exception
Traceback (most recent call last):
  File "/home/airflow/.local/lib/python3.12/site-packages/urllib3/connectionpool.py", line 534, in _make_request
    response = conn.getresponse()
               ^^^^^^^^^^^^^^^^^^
  File "/home/airflow/.local/lib/python3.12/site-packages/urllib3/connection.py", line 516, in getresponse
    httplib_response = super().getresponse()
                       ^^^^^^^^^^^^^^^^^^^^^
  File "/usr/local/lib/python3.12/http/client.py", line 1430, in getresponse
    response.begin()
  File "/usr/local/lib/python3.12/http/client.py", line 331, in begin
    version, status, reason = self._read_status()
                              ^^^^^^^^^^^^^^^^^^^
  File "/usr/local/lib/python3.12/http/client.py", line 292, in _read_status
    line = str(self.fp.readline(_MAXLINE + 1), "iso-8859-1")
               ^^^^^^^^^^^^^^^^^^^^^^^^^^^^^^
  File "/usr/local/lib/python3.12/socket.py", line 720, in readinto
    return self._sock.recv_into(b)
           ^^^^^^^^^^^^^^^^^^^^^^^
TimeoutError: timed out

The above exception was the direct cause of the following exception:

Traceback (most recent call last):
  File "/home/airflow/.local/lib/python3.12/site-packages/requests/adapters.py", line 667, in send
    resp = conn.urlopen(
           ^^^^^^^^^^^^^
  File "/home/airflow/.local/lib/python3.12/site-packages/urllib3/connectionpool.py", line 841, in urlopen
    retries = retries.increment(
              ^^^^^^^^^^^^^^^^^^
  File "/home/airflow/.local/lib/python3.12/site-packages/urllib3/util/retry.py", line 474, in increment
    raise reraise(type(error), error, _stacktrace)
          ^^^^^^^^^^^^^^^^^^^^^^^^^^^^^^^^^^^^^^^^
  File "/home/airflow/.local/lib/python3.12/site-packages/urllib3/util/util.py", line 39, in reraise
    raise value
  File "/home/airflow/.local/lib/python3.12/site-packages/urllib3/connectionpool.py", line 787, in urlopen
    response = self._make_request(
               ^^^^^^^^^^^^^^^^^^^
  File "/home/airflow/.local/lib/python3.12/site-packages/urllib3/connectionpool.py", line 536, in _make_request
    self._raise_timeout(err=e, url=url, timeout_value=read_timeout)
  File "/home/airflow/.local/lib/python3.12/site-packages/urllib3/connectionpool.py", line 367, in _raise_timeout
    raise ReadTimeoutError(
urllib3.exceptions.ReadTimeoutError: HTTPConnectionPool(host='host.docker.internal', port=8082): Read timed out. (read timeout=60)

During handling of the above exception, another exception occurred:

Traceback (most recent call last):
  File "/home/airflow/.local/lib/python3.12/site-packages/airflow/models/taskinstance.py", line 768, in _execute_task
    result = _execute_callable(context=context, **execute_callable_kwargs)
             ^^^^^^^^^^^^^^^^^^^^^^^^^^^^^^^^^^^^^^^^^^^^^^^^^^^^^^^^^^^^^
  File "/home/airflow/.local/lib/python3.12/site-packages/airflow/models/taskinstance.py", line 734, in _execute_callable
    return ExecutionCallableRunner(
           ^^^^^^^^^^^^^^^^^^^^^^^^
  File "/home/airflow/.local/lib/python3.12/site-packages/airflow/utils/operator_helpers.py", line 252, in run
    return self.func(*args, **kwargs)
           ^^^^^^^^^^^^^^^^^^^^^^^^^^
  File "/home/airflow/.local/lib/python3.12/site-packages/airflow/models/baseoperator.py", line 424, in wrapper
    return func(self, *args, **kwargs)
           ^^^^^^^^^^^^^^^^^^^^^^^^^^^
  File "/home/airflow/.local/lib/python3.12/site-packages/airflow/operators/python.py", line 238, in execute
    return_value = self.execute_callable()
                   ^^^^^^^^^^^^^^^^^^^^^^^
  File "/home/airflow/.local/lib/python3.12/site-packages/airflow/operators/python.py", line 256, in execute_callable
    return runner.run(*self.op_args, **self.op_kwargs)
           ^^^^^^^^^^^^^^^^^^^^^^^^^^^^^^^^^^^^^^^^^^^
  File "/home/airflow/.local/lib/python3.12/site-packages/airflow/utils/operator_helpers.py", line 252, in run
    return self.func(*args, **kwargs)
           ^^^^^^^^^^^^^^^^^^^^^^^^^^
  File "/opt/airflow/dags/run_aviasales_app_dag.py", line 43, in task_trigger_aviasales_prices
    response = requests.post(
               ^^^^^^^^^^^^^^
  File "/home/airflow/.local/lib/python3.12/site-packages/requests/api.py", line 115, in post
    return request("post", url, data=data, json=json, **kwargs)
           ^^^^^^^^^^^^^^^^^^^^^^^^^^^^^^^^^^^^^^^^^^^^^^^^^^^^
  File "/home/airflow/.local/lib/python3.12/site-packages/requests/api.py", line 59, in request
    return session.request(method=method, url=url, **kwargs)
           ^^^^^^^^^^^^^^^^^^^^^^^^^^^^^^^^^^^^^^^^^^^^^^^^^
  File "/home/airflow/.local/lib/python3.12/site-packages/requests/sessions.py", line 589, in request
    resp = self.send(prep, **send_kwargs)
           ^^^^^^^^^^^^^^^^^^^^^^^^^^^^^^
  File "/home/airflow/.local/lib/python3.12/site-packages/requests/sessions.py", line 703, in send
    r = adapter.send(request, **kwargs)
        ^^^^^^^^^^^^^^^^^^^^^^^^^^^^^^^
  File "/home/airflow/.local/lib/python3.12/site-packages/requests/adapters.py", line 713, in send
    raise ReadTimeout(e, request=request)
requests.exceptions.ReadTimeout: HTTPConnectionPool(host='host.docker.internal', port=8082): Read timed out. (read timeout=60)
[2025-12-12T08:13:19.504+0000] {taskinstance.py:1226} INFO - Marking task as FAILED. dag_id=aviasales_api, task_id=task_trigger_aviasales_prices, run_id=scheduled__2025-12-11T13:30:00+00:00, execution_date=20251211T133000, start_date=20251212T081146, end_date=20251212T081319
[2025-12-12T08:13:19.577+0000] {taskinstance.py:341} INFO - ::group::Post task execution logs
[2025-12-12T08:13:19.580+0000] {standard_task_runner.py:124} ERROR - Failed to execute job 110 for task task_trigger_aviasales_prices (HTTPConnectionPool(host='host.docker.internal', port=8082): Read timed out. (read timeout=60); 68)
Traceback (most recent call last):
  File "/home/airflow/.local/lib/python3.12/site-packages/urllib3/connectionpool.py", line 534, in _make_request
    response = conn.getresponse()
               ^^^^^^^^^^^^^^^^^^
  File "/home/airflow/.local/lib/python3.12/site-packages/urllib3/connection.py", line 516, in getresponse
    httplib_response = super().getresponse()
                       ^^^^^^^^^^^^^^^^^^^^^
  File "/usr/local/lib/python3.12/http/client.py", line 1430, in getresponse
    response.begin()
  File "/usr/local/lib/python3.12/http/client.py", line 331, in begin
    version, status, reason = self._read_status()
                              ^^^^^^^^^^^^^^^^^^^
  File "/usr/local/lib/python3.12/http/client.py", line 292, in _read_status
    line = str(self.fp.readline(_MAXLINE + 1), "iso-8859-1")
               ^^^^^^^^^^^^^^^^^^^^^^^^^^^^^^
  File "/usr/local/lib/python3.12/socket.py", line 720, in readinto
    return self._sock.recv_into(b)
           ^^^^^^^^^^^^^^^^^^^^^^^
TimeoutError: timed out

The above exception was the direct cause of the following exception:

Traceback (most recent call last):
  File "/home/airflow/.local/lib/python3.12/site-packages/requests/adapters.py", line 667, in send
    resp = conn.urlopen(
           ^^^^^^^^^^^^^
  File "/home/airflow/.local/lib/python3.12/site-packages/urllib3/connectionpool.py", line 841, in urlopen
    retries = retries.increment(
              ^^^^^^^^^^^^^^^^^^
  File "/home/airflow/.local/lib/python3.12/site-packages/urllib3/util/retry.py", line 474, in increment
    raise reraise(type(error), error, _stacktrace)
          ^^^^^^^^^^^^^^^^^^^^^^^^^^^^^^^^^^^^^^^^
  File "/home/airflow/.local/lib/python3.12/site-packages/urllib3/util/util.py", line 39, in reraise
    raise value
  File "/home/airflow/.local/lib/python3.12/site-packages/urllib3/connectionpool.py", line 787, in urlopen
    response = self._make_request(
               ^^^^^^^^^^^^^^^^^^^
  File "/home/airflow/.local/lib/python3.12/site-packages/urllib3/connectionpool.py", line 536, in _make_request
    self._raise_timeout(err=e, url=url, timeout_value=read_timeout)
  File "/home/airflow/.local/lib/python3.12/site-packages/urllib3/connectionpool.py", line 367, in _raise_timeout
    raise ReadTimeoutError(
urllib3.exceptions.ReadTimeoutError: HTTPConnectionPool(host='host.docker.internal', port=8082): Read timed out. (read timeout=60)

During handling of the above exception, another exception occurred:

Traceback (most recent call last):
  File "/home/airflow/.local/lib/python3.12/site-packages/airflow/task/task_runner/standard_task_runner.py", line 117, in _start_by_fork
    ret = args.func(args, dag=self.dag)
          ^^^^^^^^^^^^^^^^^^^^^^^^^^^^^
  File "/home/airflow/.local/lib/python3.12/site-packages/airflow/cli/cli_config.py", line 49, in command
    return func(*args, **kwargs)
           ^^^^^^^^^^^^^^^^^^^^^
  File "/home/airflow/.local/lib/python3.12/site-packages/airflow/utils/cli.py", line 116, in wrapper
    return f(*args, **kwargs)
           ^^^^^^^^^^^^^^^^^^
  File "/home/airflow/.local/lib/python3.12/site-packages/airflow/cli/commands/task_command.py", line 483, in task_run
    task_return_code = _run_task_by_selected_method(args, _dag, ti)
                       ^^^^^^^^^^^^^^^^^^^^^^^^^^^^^^^^^^^^^^^^^^^^
  File "/home/airflow/.local/lib/python3.12/site-packages/airflow/cli/commands/task_command.py", line 256, in _run_task_by_selected_method
    return _run_raw_task(args, ti)
           ^^^^^^^^^^^^^^^^^^^^^^^
  File "/home/airflow/.local/lib/python3.12/site-packages/airflow/cli/commands/task_command.py", line 341, in _run_raw_task
    return ti._run_raw_task(
           ^^^^^^^^^^^^^^^^^
  File "/home/airflow/.local/lib/python3.12/site-packages/airflow/utils/session.py", line 97, in wrapper
    return func(*args, session=session, **kwargs)
           ^^^^^^^^^^^^^^^^^^^^^^^^^^^^^^^^^^^^^^
  File "/home/airflow/.local/lib/python3.12/site-packages/airflow/models/taskinstance.py", line 3006, in _run_raw_task
    return _run_raw_task(
           ^^^^^^^^^^^^^^
  File "/home/airflow/.local/lib/python3.12/site-packages/airflow/models/taskinstance.py", line 274, in _run_raw_task
    TaskInstance._execute_task_with_callbacks(
  File "/home/airflow/.local/lib/python3.12/site-packages/airflow/models/taskinstance.py", line 3161, in _execute_task_with_callbacks
    result = self._execute_task(context, task_orig)
             ^^^^^^^^^^^^^^^^^^^^^^^^^^^^^^^^^^^^^^
  File "/home/airflow/.local/lib/python3.12/site-packages/airflow/models/taskinstance.py", line 3185, in _execute_task
    return _execute_task(self, context, task_orig)
           ^^^^^^^^^^^^^^^^^^^^^^^^^^^^^^^^^^^^^^^
  File "/home/airflow/.local/lib/python3.12/site-packages/airflow/models/taskinstance.py", line 768, in _execute_task
    result = _execute_callable(context=context, **execute_callable_kwargs)
             ^^^^^^^^^^^^^^^^^^^^^^^^^^^^^^^^^^^^^^^^^^^^^^^^^^^^^^^^^^^^^
  File "/home/airflow/.local/lib/python3.12/site-packages/airflow/models/taskinstance.py", line 734, in _execute_callable
    return ExecutionCallableRunner(
           ^^^^^^^^^^^^^^^^^^^^^^^^
  File "/home/airflow/.local/lib/python3.12/site-packages/airflow/utils/operator_helpers.py", line 252, in run
    return self.func(*args, **kwargs)
           ^^^^^^^^^^^^^^^^^^^^^^^^^^
  File "/home/airflow/.local/lib/python3.12/site-packages/airflow/models/baseoperator.py", line 424, in wrapper
    return func(self, *args, **kwargs)
           ^^^^^^^^^^^^^^^^^^^^^^^^^^^
  File "/home/airflow/.local/lib/python3.12/site-packages/airflow/operators/python.py", line 238, in execute
    return_value = self.execute_callable()
                   ^^^^^^^^^^^^^^^^^^^^^^^
  File "/home/airflow/.local/lib/python3.12/site-packages/airflow/operators/python.py", line 256, in execute_callable
    return runner.run(*self.op_args, **self.op_kwargs)
           ^^^^^^^^^^^^^^^^^^^^^^^^^^^^^^^^^^^^^^^^^^^
  File "/home/airflow/.local/lib/python3.12/site-packages/airflow/utils/operator_helpers.py", line 252, in run
    return self.func(*args, **kwargs)
           ^^^^^^^^^^^^^^^^^^^^^^^^^^
  File "/opt/airflow/dags/run_aviasales_app_dag.py", line 43, in task_trigger_aviasales_prices
    response = requests.post(
               ^^^^^^^^^^^^^^
  File "/home/airflow/.local/lib/python3.12/site-packages/requests/api.py", line 115, in post
    return request("post", url, data=data, json=json, **kwargs)
           ^^^^^^^^^^^^^^^^^^^^^^^^^^^^^^^^^^^^^^^^^^^^^^^^^^^^
  File "/home/airflow/.local/lib/python3.12/site-packages/requests/api.py", line 59, in request
    return session.request(method=method, url=url, **kwargs)
           ^^^^^^^^^^^^^^^^^^^^^^^^^^^^^^^^^^^^^^^^^^^^^^^^^
  File "/home/airflow/.local/lib/python3.12/site-packages/requests/sessions.py", line 589, in request
    resp = self.send(prep, **send_kwargs)
           ^^^^^^^^^^^^^^^^^^^^^^^^^^^^^^
  File "/home/airflow/.local/lib/python3.12/site-packages/requests/sessions.py", line 703, in send
    r = adapter.send(request, **kwargs)
        ^^^^^^^^^^^^^^^^^^^^^^^^^^^^^^^
  File "/home/airflow/.local/lib/python3.12/site-packages/requests/adapters.py", line 713, in send
    raise ReadTimeout(e, request=request)
requests.exceptions.ReadTimeout: HTTPConnectionPool(host='host.docker.internal', port=8082): Read timed out. (read timeout=60)
[2025-12-12T08:13:19.612+0000] {local_task_job_runner.py:266} INFO - Task exited with return code 1
[2025-12-12T08:13:19.641+0000] {taskinstance.py:3901} INFO - 0 downstream tasks scheduled from follow-on schedule check
[2025-12-12T08:13:19.655+0000] {local_task_job_runner.py:245} INFO - ::endgroup::
