[2025-12-11T13:38:41.033+0000] {local_task_job_runner.py:123} INFO - ::group::Pre task execution logs
[2025-12-11T13:38:41.058+0000] {taskinstance.py:2614} INFO - Dependencies all met for dep_context=non-requeueable deps ti=<TaskInstance: aviasales_api.task_trigger_aviasales_prices scheduled__2025-12-11T13:00:00+00:00 [queued]>
[2025-12-11T13:38:41.069+0000] {taskinstance.py:2614} INFO - Dependencies all met for dep_context=requeueable deps ti=<TaskInstance: aviasales_api.task_trigger_aviasales_prices scheduled__2025-12-11T13:00:00+00:00 [queued]>
[2025-12-11T13:38:41.079+0000] {taskinstance.py:2867} INFO - Starting attempt 1 of 1
[2025-12-11T13:38:41.096+0000] {taskinstance.py:2890} INFO - Executing <Task(PythonOperator): task_trigger_aviasales_prices> on 2025-12-11 13:00:00+00:00
[2025-12-11T13:38:41.106+0000] {warnings.py:112} WARNING - /home/***/.local/lib/python3.12/site-packages/***/task/task_runner/standard_task_runner.py:70: DeprecationWarning: This process (pid=333) is multi-threaded, use of fork() may lead to deadlocks in the child.
  pid = os.fork()

[2025-12-11T13:38:41.109+0000] {standard_task_runner.py:72} INFO - Started process 334 to run task
[2025-12-11T13:38:41.108+0000] {standard_task_runner.py:104} INFO - Running: ['***', 'tasks', 'run', 'aviasales_api', 'task_trigger_aviasales_prices', 'scheduled__2025-12-11T13:00:00+00:00', '--job-id', '105', '--raw', '--subdir', 'DAGS_FOLDER/run_aviasales_app_dag.py', '--cfg-path', '/tmp/tmpz5ar38wn']
[2025-12-11T13:38:41.110+0000] {standard_task_runner.py:105} INFO - Job 105: Subtask task_trigger_aviasales_prices
[2025-12-11T13:38:41.133+0000] {warnings.py:112} WARNING - /home/***/.local/lib/python3.12/site-packages/***/settings.py:209: DeprecationWarning: The sql_alchemy_conn option in [core] has been moved to the sql_alchemy_conn option in [database] - the old setting has been used, but please update your config.
  SQL_ALCHEMY_CONN = conf.get("database", "SQL_ALCHEMY_CONN")

[2025-12-11T13:38:41.185+0000] {task_command.py:467} INFO - Running <TaskInstance: aviasales_api.task_trigger_aviasales_prices scheduled__2025-12-11T13:00:00+00:00 [running]> on host e4ab97893ccb
[2025-12-11T13:38:41.187+0000] {warnings.py:112} WARNING - /home/***/.local/lib/python3.12/site-packages/***/settings.py:470: DeprecationWarning: The sql_alchemy_conn option in [core] has been moved to the sql_alchemy_conn option in [database] - the old setting has been used, but please update your config.
  if conf.get("database", "sql_alchemy_conn") == "none://":

[2025-12-11T13:38:41.282+0000] {taskinstance.py:3134} INFO - Exporting env vars: AIRFLOW_CTX_DAG_OWNER='***' AIRFLOW_CTX_DAG_ID='aviasales_api' AIRFLOW_CTX_TASK_ID='task_trigger_aviasales_prices' AIRFLOW_CTX_EXECUTION_DATE='2025-12-11T13:00:00+00:00' AIRFLOW_CTX_TRY_NUMBER='1' AIRFLOW_CTX_DAG_RUN_ID='scheduled__2025-12-11T13:00:00+00:00'
[2025-12-11T13:38:41.284+0000] {taskinstance.py:732} INFO - ::endgroup::
[2025-12-11T13:38:41.299+0000] {log.py:232} WARNING - 2025-12-11 13:38:41.299 | INFO     | unusual_prefix_5d39509cc2aa2b989d2fd9cc4338d1bb1c8d4505_run_aviasales_app_dag:task_trigger_aviasales_prices:27 - Запуск Aviasales DAG
[2025-12-11T13:38:41.300+0000] {log.py:232} WARNING - 2025-12-11 13:38:41.300 | INFO     | unusual_prefix_5d39509cc2aa2b989d2fd9cc4338d1bb1c8d4505_run_aviasales_app_dag:task_trigger_aviasales_prices:41 - Отправка данных в FastAPI Aviasales: {'origin': 'MOW', 'destination': 'DXB', 'departure_at': '2025-12-12', 'return_at': '2025-12-17', 'limit': 20}
[2025-12-11T13:39:16.411+0000] {log.py:232} WARNING - 2025-12-11 13:39:16.411 | INFO     | unusual_prefix_5d39509cc2aa2b989d2fd9cc4338d1bb1c8d4505_run_aviasales_app_dag:task_trigger_aviasales_prices:56 - Aviasales ответ (дата вылета 2025-12-12): {'data': [{'flight_number': '715', 'link': '/search/MOW1212DXB17121?t=DP17655288001765551600000320VKODWC17659926001766010000000350DWCVKO_63015b7f96cc7d22dc5bbbf255ceacce_17353&search_date=11122025&expected_price_uuid=c331c991-fba4-44fc-941e-73212afa9200&expected_price_source=share&expected_price_currency=rub&expected_price=17331', 'origin_airport': 'VKO', 'destination_airport': 'DWC', 'departure_at': '2025-12-12T08:40:00+03:00', 'airline': 'UT', 'destination': 'DXB', 'return_at': '2025-12-17T17:30:00+04:00', 'origin': 'MOW', 'price': 17331, 'return_transfers': 0, 'duration': 670, 'duration_to': 320, 'duration_back': 350, 'transfers': 0}, {'flight_number': '715', 'link': '/search/MOW1212DXB17121?t=UT17655288001765551600000320VKODWC17659887001766006100000350DWCVKO_be459799685e344011c8c0ae43600ebe_17398&search_date=11122025&expected_price_uuid=c331c991-fba4-44fc-941e-73212afa9200&expected_price_source=share&expected_price_currency=rub&expected_price=17376', 'origin_airport': 'VKO', 'destination_airport': 'DWC', 'departure_at': '2025-12-12T08:40:00+03:00', 'airline': 'UT', 'destination': 'DXB', 'return_at': '2025-12-17T16:25:00+04:00', 'origin': 'MOW', 'price': 17376, 'return_transfers': 0, 'duration': 670, 'duration_to': 320, 'duration_back': 350, 'transfers': 0}, {'flight_number': '797', 'link': '/search/MOW1212DXB17121?t=DP17655246001765548000000330DMEDWC17659926001766010000000350DWCVKO_f16c451401f3acf64417fba92d43cbca_19051&search_date=11122025&expected_price_uuid=c331c991-fba4-44fc-941e-73212afa9200&expected_price_source=share&expected_price_currency=rub&expected_price=19027', 'origin_airport': 'DME', 'destination_airport': 'DWC', 'departure_at': '2025-12-12T07:30:00+03:00', 'airline': 'U6', 'destination': 'DXB', 'return_at': '2025-12-17T17:30:00+04:00', 'origin': 'MOW', 'price': 19027, 'return_transfers': 0, 'duration': 680, 'duration_to': 330, 'duration_back': 350, 'transfers': 0}, {'flight_number': '715', 'link': '/search/MOW1212DXB17121?t=U617655288001765551600000320VKODWC17659842001766001300000345DWCDME_43234ffa44daa78c4d524139b76a1309_20360&search_date=11122025&expected_price_uuid=c331c991-fba4-44fc-941e-73212afa9200&expected_price_source=share&expected_price_currency=rub&expected_price=20335', 'origin_airport': 'VKO', 'destination_airport': 'DWC', 'departure_at': '2025-12-12T08:40:00+03:00', 'airline': 'UT', 'destination': 'DXB', 'return_at': '2025-12-17T15:10:00+04:00', 'origin': 'MOW', 'price': 20335, 'return_transfers': 0, 'duration': 665, 'duration_to': 320, 'duration_back': 345, 'transfers': 0}, {'flight_number': '793', 'link': '/search/MOW1212DXB17121?t=DP17655339001765557600000335VKODWC17659926001766010000000350DWCVKO_fbd12d2394415a661f60e5a124f7b02f_21946&search_date=11122025&expected_price_uuid=c331c991-fba4-44fc-941e-73212afa9200&expected_price_source=share&expected_price_currency=rub&expected_price=21919', 'origin_airport': 'VKO', 'destination_airport': 'DWC', 'departure_at': '2025-12-12T10:05:00+03:00', 'airline': 'DP', 'destination': 'DXB', 'return_at': '2025-12-17T17:30:00+04:00', 'origin': 'MOW', 'price': 21919, 'return_transfers': 0, 'duration': 685, 'duration_to': 335, 'duration_back': 350, 'transfers': 0}, {'flight_number': '793', 'link': '/search/MOW1212DXB17121?t=DP17655339001765557600000335VKODWC17659395001766001600001095SHJAYTVKO_684799590e4214d864336e1a98c24b95_23086&search_date=11122025&expected_price_uuid=c331c991-fba4-44fc-941e-73212afa9200&expected_price_source=share&expected_price_currency=rub&expected_price=23057', 'origin_airport': 'VKO', 'destination_airport': 'DWC', 'departure_at': '2025-12-12T10:05:00+03:00', 'airline': 'DP', 'destination': 'DXB', 'return_at': '2025-12-17T02:45:00+04:00', 'origin': 'MOW', 'price': 23057, 'return_transfers': 1, 'duration': 1430, 'duration_to': 335, 'duration_back': 570, 'transfers': 0}, {'flight_number': '797', 'link': '/search/MOW1212DXB17121?t=DP17655246001765548000000330DMEDWC17659854001766002800000350DWCVKO_7b58d59ebc886e95d0a736510b560d3b_23611&search_date=11122025&expected_price_uuid=c331c991-fba4-44fc-941e-73212afa9200&expected_price_source=share&expected_price_currency=rub&expected_price=23582', 'origin_airport': 'DME', 'destination_airport': 'DWC', 'departure_at': '2025-12-12T07:30:00+03:00', 'airline': 'U6', 'destination': 'DXB', 'return_at': '2025-12-17T15:30:00+04:00', 'origin': 'MOW', 'price': 23582, 'return_transfers': 0, 'duration': 680, 'duration_to': 330, 'duration_back': 350, 'transfers': 0}, {'flight_number': '797', 'link': '/search/MOW1212DXB17121?t=U617655246001765548000000330DMEDWC17659395001766001600001095SHJAYTVKO_dcb06cc837eef2107af1431049f5dbc2_23801&search_date=11122025&expected_price_uuid=c331c991-fba4-44fc-941e-73212afa9200&expected_price_source=share&expected_price_currency=rub&expected_price=23771', 'origin_airport': 'DME', 'destination_airport': 'DWC', 'departure_at': '2025-12-12T07:30:00+03:00', 'airline': 'U6', 'destination': 'DXB', 'return_at': '2025-12-17T02:45:00+04:00', 'origin': 'MOW', 'price': 23771, 'return_transfers': 1, 'duration': 1425, 'duration_to': 330, 'duration_back': 570, 'transfers': 0}, {'flight_number': '715', 'link': '/search/MOW1212DXB17121?t=UT17655288001765551600000320VKODWC17659887001766006100000350DWCVKO_be459799685e344011c8c0ae43600ebe_24327&search_date=11122025&expected_price_uuid=c331c991-fba4-44fc-941e-73212afa9200&expected_price_source=share&expected_price_currency=rub&expected_price=24297', 'origin_airport': 'VKO', 'destination_airport': 'DWC', 'departure_at': '2025-12-12T08:40:00+03:00', 'airline': 'UT', 'destination': 'DXB', 'return_at': '2025-12-17T16:25:00+04:00', 'origin': 'MOW', 'price': 24297, 'return_transfers': 0, 'duration': 670, 'duration_to': 320, 'duration_back': 350, 'transfers': 0}, {'flight_number': '797', 'link': '/search/MOW1212DXB17121?t=UT17655246001765548000000330DMEDWC17659887001766006100000350DWCVKO_712e936c1c188151e88f02bb2af4d096_26497&search_date=11122025&expected_price_uuid=c331c991-fba4-44fc-941e-73212afa9200&expected_price_source=share&expected_price_currency=rub&expected_price=26464', 'origin_airport': 'DME', 'destination_airport': 'DWC', 'departure_at': '2025-12-12T07:30:00+03:00', 'airline': 'U6', 'destination': 'DXB', 'return_at': '2025-12-17T16:25:00+04:00', 'origin': 'MOW', 'price': 26464, 'return_transfers': 0, 'duration': 680, 'duration_to': 330, 'duration_back': 350, 'transfers': 0}, {'flight_number': '715', 'link': '/search/MOW1212DXB17121?t=UT17655288001765551600000320VKODWC17659305001765984200000955DWCMRVSVO_4951583cf5f2e78be62d9f76075a9200_26595&search_date=11122025&expected_price_uuid=c331c991-fba4-44fc-941e-73212afa9200&expected_price_source=share&expected_price_currency=rub&expected_price=26562', 'origin_airport': 'VKO', 'destination_airport': 'DWC', 'departure_at': '2025-12-12T08:40:00+03:00', 'airline': 'UT', 'destination': 'DXB', 'return_at': '2025-12-17T00:15:00+04:00', 'origin': 'MOW', 'price': 26562, 'return_transfers': 1, 'duration': 1275, 'duration_to': 320, 'duration_back': 430, 'transfers': 0}, {'flight_number': '715', 'link': '/search/MOW1212DXB17121?t=UT17655288001765551600000320VKODWC17659908001766048400001020DWCMCXVKO_336fa4fdc6711e6945a34e8507e6e798_26598&search_date=11122025&expected_price_uuid=c331c991-fba4-44fc-941e-73212afa9200&expected_price_source=share&expected_price_currency=rub&expected_price=26565', 'origin_airport': 'VKO', 'destination_airport': 'DWC', 'departure_at': '2025-12-12T08:40:00+03:00', 'airline': 'UT', 'destination': 'DXB', 'return_at': '2025-12-17T17:00:00+04:00', 'origin': 'MOW', 'price': 26565, 'return_transfers': 1, 'duration': 1340, 'duration_to': 320, 'duration_back': 390, 'transfers': 0}, {'flight_number': '797', 'link': '/search/MOW1212DXB17121?t=U617655246001765548000000330DMEDWC17659863001766080200001625DWCAERDME_4c8a5899aa0c5e54d3201bd142f8c540_26822&search_date=11122025&expected_price_uuid=c331c991-fba4-44fc-941e-73212afa9200&expected_price_source=share&expected_price_currency=rub&expected_price=26789', 'origin_airport': 'DME', 'destination_airport': 'DWC', 'departure_at': '2025-12-12T07:30:00+03:00', 'airline': 'U6', 'destination': 'DXB', 'return_at': '2025-12-17T15:45:00+04:00', 'origin': 'MOW', 'price': 26789, 'return_transfers': 1, 'duration': 1955, 'duration_to': 330, 'duration_back': 460, 'transfers': 0}, {'flight_number': '715', 'link': '/search/MOW1212DXB17121?t=UT17655288001765551600000320VKODWC17659908001766015700000475DWCMCXVKO_88d71171390927289a473da6f5003b3f_27091&search_date=11122025&expected_price_uuid=c331c991-fba4-44fc-941e-73212afa9200&expected_price_source=share&expected_price_currency=rub&expected_price=27057', 'origin_airport': 'VKO', 'destination_airport': 'DWC', 'departure_at': '2025-12-12T08:40:00+03:00', 'airline': 'UT', 'destination': 'DXB', 'return_at': '2025-12-17T17:00:00+04:00', 'origin': 'MOW', 'price': 27057, 'return_transfers': 1, 'duration': 795, 'duration_to': 320, 'duration_back': 385, 'transfers': 0}, {'flight_number': '797', 'link': '/search/MOW1212DXB17121?t=U617655246001765548000000330DMEDWC17659560001766005500000885SHJSAWISTDME_79938df6dc80edc475df2955cda42b5b_27249&search_date=11122025&expected_price_uuid=c331c991-fba4-44fc-941e-73212afa9200&expected_price_source=share&expected_price_currency=rub&expected_price=27215', 'origin_airport': 'DME', 'destination_airport': 'DWC', 'departure_at': '2025-12-12T07:30:00+03:00', 'airline': 'U6', 'destination': 'DXB', 'return_at': '2025-12-17T07:20:00+04:00', 'origin': 'MOW', 'price': 27215, 'return_transfers': 1, 'duration': 1215, 'duration_to': 330, 'duration_back': 590, 'transfers': 0}, {'flight_number': '715', 'link': '/search/MOW1212DXB17121?t=UT17655288001765551600000320VKODWC17659305001765985100000970DWCMRVSVO_e64f66aee40f5c58f48591e5d95eff36_28069&search_date=11122025&expected_price_uuid=c331c991-fba4-44fc-941e-73212afa9200&expected_price_source=share&expected_price_currency=rub&expected_price=28034', 'origin_airport': 'VKO', 'destination_airport': 'DWC', 'departure_at': '2025-12-12T08:40:00+03:00', 'airline': 'UT', 'destination': 'DXB', 'return_at': '2025-12-17T00:15:00+04:00', 'origin': 'MOW', 'price': 28034, 'return_transfers': 1, 'duration': 1290, 'duration_to': 320, 'duration_back': 430, 'transfers': 0}, {'flight_number': '715', 'link': '/search/MOW1212DXB17121?t=S717655288001765551600000320VKODWC17659755001766038800001115DXBOVBDME_12def0a5fede8fc3ae15d470eba5a0e2_28074&search_date=11122025&expected_price_uuid=c331c991-fba4-44fc-941e-73212afa9200&expected_price_source=share&expected_price_currency=rub&expected_price=28039', 'origin_airport': 'VKO', 'destination_airport': 'DWC', 'departure_at': '2025-12-12T08:40:00+03:00', 'airline': 'UT', 'destination': 'DXB', 'return_at': '2025-12-17T12:45:00+04:00', 'origin': 'MOW', 'price': 28039, 'return_transfers': 1, 'duration': 1435, 'duration_to': 320, 'duration_back': 630, 'transfers': 0}, {'flight_number': '793', 'link': '/search/MOW1212DXB17121?t=DP17655339001765557600000335VKODWC17659395001765978800000715SHJAYTVKO_41e9443921eb7272631441b06ec0684f_29264&search_date=11122025&expected_price_uuid=c331c991-fba4-44fc-941e-73212afa9200&expected_price_source=share&expected_price_currency=rub&expected_price=29228', 'origin_airport': 'VKO', 'destination_airport': 'DWC', 'departure_at': '2025-12-12T10:05:00+03:00', 'airline': 'DP', 'destination': 'DXB', 'return_at': '2025-12-17T02:45:00+04:00', 'origin': 'MOW', 'price': 29228, 'return_transfers': 1, 'duration': 1050, 'duration_to': 335, 'duration_back': 555, 'transfers': 0}, {'flight_number': '793', 'link': '/search/MOW1212DXB17121?t=DP17655339001765557600000335VKODWC17660082001766043300000645SHJTASVKO_a817c8a0826c44503451c8330a63f154_29424&search_date=11122025&expected_price_uuid=c331c991-fba4-44fc-941e-73212afa9200&expected_price_source=share&expected_price_currency=rub&expected_price=29388', 'origin_airport': 'VKO', 'destination_airport': 'DWC', 'departure_at': '2025-12-12T10:05:00+03:00', 'airline': 'DP', 'destination': 'DXB', 'return_at': '2025-12-17T21:50:00+04:00', 'origin': 'MOW', 'price': 29388, 'return_transfers': 1, 'duration': 980, 'duration_to': 335, 'duration_back': 465, 'transfers': 0}, {'flight_number': '793', 'link': '/search/MOW1212DXB17121?t=DP17655339001765557600000335VKODWC17660082001766043600000650SHJTASDME_16a47a56b2bf8812611459843b5d47bf_29441&search_date=11122025&expected_price_uuid=c331c991-fba4-44fc-941e-73212afa9200&expected_price_source=share&expected_price_currency=rub&expected_price=29404', 'origin_airport': 'VKO', 'destination_airport': 'DWC', 'departure_at': '2025-12-12T10:05:00+03:00', 'airline': 'DP', 'destination': 'DXB', 'return_at': '2025-12-17T21:50:00+04:00', 'origin': 'MOW', 'price': 29404, 'return_transfers': 1, 'duration': 985, 'duration_to': 335, 'duration_back': 470, 'transfers': 0}], 'currency': 'rub', 'success': True}
[2025-12-11T13:39:16.413+0000] {log.py:232} WARNING - 2025-12-11 13:39:16.413 | INFO     | unusual_prefix_5d39509cc2aa2b989d2fd9cc4338d1bb1c8d4505_run_aviasales_app_dag:task_trigger_aviasales_prices:41 - Отправка данных в FastAPI Aviasales: {'origin': 'MOW', 'destination': 'DXB', 'departure_at': '2025-12-13', 'return_at': '2025-12-18', 'limit': 20}
[2025-12-11T13:40:16.470+0000] {taskinstance.py:3313} ERROR - Task failed with exception
Traceback (most recent call last):
  File "/home/airflow/.local/lib/python3.12/site-packages/urllib3/connectionpool.py", line 534, in _make_request
    response = conn.getresponse()
               ^^^^^^^^^^^^^^^^^^
  File "/home/airflow/.local/lib/python3.12/site-packages/urllib3/connection.py", line 516, in getresponse
    httplib_response = super().getresponse()
                       ^^^^^^^^^^^^^^^^^^^^^
  File "/usr/local/lib/python3.12/http/client.py", line 1430, in getresponse
    response.begin()
  File "/usr/local/lib/python3.12/http/client.py", line 331, in begin
    version, status, reason = self._read_status()
                              ^^^^^^^^^^^^^^^^^^^
  File "/usr/local/lib/python3.12/http/client.py", line 292, in _read_status
    line = str(self.fp.readline(_MAXLINE + 1), "iso-8859-1")
               ^^^^^^^^^^^^^^^^^^^^^^^^^^^^^^
  File "/usr/local/lib/python3.12/socket.py", line 720, in readinto
    return self._sock.recv_into(b)
           ^^^^^^^^^^^^^^^^^^^^^^^
TimeoutError: timed out

The above exception was the direct cause of the following exception:

Traceback (most recent call last):
  File "/home/airflow/.local/lib/python3.12/site-packages/requests/adapters.py", line 667, in send
    resp = conn.urlopen(
           ^^^^^^^^^^^^^
  File "/home/airflow/.local/lib/python3.12/site-packages/urllib3/connectionpool.py", line 841, in urlopen
    retries = retries.increment(
              ^^^^^^^^^^^^^^^^^^
  File "/home/airflow/.local/lib/python3.12/site-packages/urllib3/util/retry.py", line 474, in increment
    raise reraise(type(error), error, _stacktrace)
          ^^^^^^^^^^^^^^^^^^^^^^^^^^^^^^^^^^^^^^^^
  File "/home/airflow/.local/lib/python3.12/site-packages/urllib3/util/util.py", line 39, in reraise
    raise value
  File "/home/airflow/.local/lib/python3.12/site-packages/urllib3/connectionpool.py", line 787, in urlopen
    response = self._make_request(
               ^^^^^^^^^^^^^^^^^^^
  File "/home/airflow/.local/lib/python3.12/site-packages/urllib3/connectionpool.py", line 536, in _make_request
    self._raise_timeout(err=e, url=url, timeout_value=read_timeout)
  File "/home/airflow/.local/lib/python3.12/site-packages/urllib3/connectionpool.py", line 367, in _raise_timeout
    raise ReadTimeoutError(
urllib3.exceptions.ReadTimeoutError: HTTPConnectionPool(host='host.docker.internal', port=8082): Read timed out. (read timeout=60)

During handling of the above exception, another exception occurred:

Traceback (most recent call last):
  File "/home/airflow/.local/lib/python3.12/site-packages/airflow/models/taskinstance.py", line 768, in _execute_task
    result = _execute_callable(context=context, **execute_callable_kwargs)
             ^^^^^^^^^^^^^^^^^^^^^^^^^^^^^^^^^^^^^^^^^^^^^^^^^^^^^^^^^^^^^
  File "/home/airflow/.local/lib/python3.12/site-packages/airflow/models/taskinstance.py", line 734, in _execute_callable
    return ExecutionCallableRunner(
           ^^^^^^^^^^^^^^^^^^^^^^^^
  File "/home/airflow/.local/lib/python3.12/site-packages/airflow/utils/operator_helpers.py", line 252, in run
    return self.func(*args, **kwargs)
           ^^^^^^^^^^^^^^^^^^^^^^^^^^
  File "/home/airflow/.local/lib/python3.12/site-packages/airflow/models/baseoperator.py", line 424, in wrapper
    return func(self, *args, **kwargs)
           ^^^^^^^^^^^^^^^^^^^^^^^^^^^
  File "/home/airflow/.local/lib/python3.12/site-packages/airflow/operators/python.py", line 238, in execute
    return_value = self.execute_callable()
                   ^^^^^^^^^^^^^^^^^^^^^^^
  File "/home/airflow/.local/lib/python3.12/site-packages/airflow/operators/python.py", line 256, in execute_callable
    return runner.run(*self.op_args, **self.op_kwargs)
           ^^^^^^^^^^^^^^^^^^^^^^^^^^^^^^^^^^^^^^^^^^^
  File "/home/airflow/.local/lib/python3.12/site-packages/airflow/utils/operator_helpers.py", line 252, in run
    return self.func(*args, **kwargs)
           ^^^^^^^^^^^^^^^^^^^^^^^^^^
  File "/opt/airflow/dags/run_aviasales_app_dag.py", line 43, in task_trigger_aviasales_prices
    response = requests.post(
               ^^^^^^^^^^^^^^
  File "/home/airflow/.local/lib/python3.12/site-packages/requests/api.py", line 115, in post
    return request("post", url, data=data, json=json, **kwargs)
           ^^^^^^^^^^^^^^^^^^^^^^^^^^^^^^^^^^^^^^^^^^^^^^^^^^^^
  File "/home/airflow/.local/lib/python3.12/site-packages/requests/api.py", line 59, in request
    return session.request(method=method, url=url, **kwargs)
           ^^^^^^^^^^^^^^^^^^^^^^^^^^^^^^^^^^^^^^^^^^^^^^^^^
  File "/home/airflow/.local/lib/python3.12/site-packages/requests/sessions.py", line 589, in request
    resp = self.send(prep, **send_kwargs)
           ^^^^^^^^^^^^^^^^^^^^^^^^^^^^^^
  File "/home/airflow/.local/lib/python3.12/site-packages/requests/sessions.py", line 703, in send
    r = adapter.send(request, **kwargs)
        ^^^^^^^^^^^^^^^^^^^^^^^^^^^^^^^
  File "/home/airflow/.local/lib/python3.12/site-packages/requests/adapters.py", line 713, in send
    raise ReadTimeout(e, request=request)
requests.exceptions.ReadTimeout: HTTPConnectionPool(host='host.docker.internal', port=8082): Read timed out. (read timeout=60)
[2025-12-11T13:40:16.529+0000] {taskinstance.py:1226} INFO - Marking task as FAILED. dag_id=aviasales_api, task_id=task_trigger_aviasales_prices, run_id=scheduled__2025-12-11T13:00:00+00:00, execution_date=20251211T130000, start_date=20251211T133841, end_date=20251211T134016
[2025-12-11T13:40:16.556+0000] {taskinstance.py:341} INFO - ::group::Post task execution logs
[2025-12-11T13:40:16.559+0000] {standard_task_runner.py:124} ERROR - Failed to execute job 105 for task task_trigger_aviasales_prices (HTTPConnectionPool(host='host.docker.internal', port=8082): Read timed out. (read timeout=60); 334)
Traceback (most recent call last):
  File "/home/airflow/.local/lib/python3.12/site-packages/urllib3/connectionpool.py", line 534, in _make_request
    response = conn.getresponse()
               ^^^^^^^^^^^^^^^^^^
  File "/home/airflow/.local/lib/python3.12/site-packages/urllib3/connection.py", line 516, in getresponse
    httplib_response = super().getresponse()
                       ^^^^^^^^^^^^^^^^^^^^^
  File "/usr/local/lib/python3.12/http/client.py", line 1430, in getresponse
    response.begin()
  File "/usr/local/lib/python3.12/http/client.py", line 331, in begin
    version, status, reason = self._read_status()
                              ^^^^^^^^^^^^^^^^^^^
  File "/usr/local/lib/python3.12/http/client.py", line 292, in _read_status
    line = str(self.fp.readline(_MAXLINE + 1), "iso-8859-1")
               ^^^^^^^^^^^^^^^^^^^^^^^^^^^^^^
  File "/usr/local/lib/python3.12/socket.py", line 720, in readinto
    return self._sock.recv_into(b)
           ^^^^^^^^^^^^^^^^^^^^^^^
TimeoutError: timed out

The above exception was the direct cause of the following exception:

Traceback (most recent call last):
  File "/home/airflow/.local/lib/python3.12/site-packages/requests/adapters.py", line 667, in send
    resp = conn.urlopen(
           ^^^^^^^^^^^^^
  File "/home/airflow/.local/lib/python3.12/site-packages/urllib3/connectionpool.py", line 841, in urlopen
    retries = retries.increment(
              ^^^^^^^^^^^^^^^^^^
  File "/home/airflow/.local/lib/python3.12/site-packages/urllib3/util/retry.py", line 474, in increment
    raise reraise(type(error), error, _stacktrace)
          ^^^^^^^^^^^^^^^^^^^^^^^^^^^^^^^^^^^^^^^^
  File "/home/airflow/.local/lib/python3.12/site-packages/urllib3/util/util.py", line 39, in reraise
    raise value
  File "/home/airflow/.local/lib/python3.12/site-packages/urllib3/connectionpool.py", line 787, in urlopen
    response = self._make_request(
               ^^^^^^^^^^^^^^^^^^^
  File "/home/airflow/.local/lib/python3.12/site-packages/urllib3/connectionpool.py", line 536, in _make_request
    self._raise_timeout(err=e, url=url, timeout_value=read_timeout)
  File "/home/airflow/.local/lib/python3.12/site-packages/urllib3/connectionpool.py", line 367, in _raise_timeout
    raise ReadTimeoutError(
urllib3.exceptions.ReadTimeoutError: HTTPConnectionPool(host='host.docker.internal', port=8082): Read timed out. (read timeout=60)

During handling of the above exception, another exception occurred:

Traceback (most recent call last):
  File "/home/airflow/.local/lib/python3.12/site-packages/airflow/task/task_runner/standard_task_runner.py", line 117, in _start_by_fork
    ret = args.func(args, dag=self.dag)
          ^^^^^^^^^^^^^^^^^^^^^^^^^^^^^
  File "/home/airflow/.local/lib/python3.12/site-packages/airflow/cli/cli_config.py", line 49, in command
    return func(*args, **kwargs)
           ^^^^^^^^^^^^^^^^^^^^^
  File "/home/airflow/.local/lib/python3.12/site-packages/airflow/utils/cli.py", line 116, in wrapper
    return f(*args, **kwargs)
           ^^^^^^^^^^^^^^^^^^
  File "/home/airflow/.local/lib/python3.12/site-packages/airflow/cli/commands/task_command.py", line 483, in task_run
    task_return_code = _run_task_by_selected_method(args, _dag, ti)
                       ^^^^^^^^^^^^^^^^^^^^^^^^^^^^^^^^^^^^^^^^^^^^
  File "/home/airflow/.local/lib/python3.12/site-packages/airflow/cli/commands/task_command.py", line 256, in _run_task_by_selected_method
    return _run_raw_task(args, ti)
           ^^^^^^^^^^^^^^^^^^^^^^^
  File "/home/airflow/.local/lib/python3.12/site-packages/airflow/cli/commands/task_command.py", line 341, in _run_raw_task
    return ti._run_raw_task(
           ^^^^^^^^^^^^^^^^^
  File "/home/airflow/.local/lib/python3.12/site-packages/airflow/utils/session.py", line 97, in wrapper
    return func(*args, session=session, **kwargs)
           ^^^^^^^^^^^^^^^^^^^^^^^^^^^^^^^^^^^^^^
  File "/home/airflow/.local/lib/python3.12/site-packages/airflow/models/taskinstance.py", line 3006, in _run_raw_task
    return _run_raw_task(
           ^^^^^^^^^^^^^^
  File "/home/airflow/.local/lib/python3.12/site-packages/airflow/models/taskinstance.py", line 274, in _run_raw_task
    TaskInstance._execute_task_with_callbacks(
  File "/home/airflow/.local/lib/python3.12/site-packages/airflow/models/taskinstance.py", line 3161, in _execute_task_with_callbacks
    result = self._execute_task(context, task_orig)
             ^^^^^^^^^^^^^^^^^^^^^^^^^^^^^^^^^^^^^^
  File "/home/airflow/.local/lib/python3.12/site-packages/airflow/models/taskinstance.py", line 3185, in _execute_task
    return _execute_task(self, context, task_orig)
           ^^^^^^^^^^^^^^^^^^^^^^^^^^^^^^^^^^^^^^^
  File "/home/airflow/.local/lib/python3.12/site-packages/airflow/models/taskinstance.py", line 768, in _execute_task
    result = _execute_callable(context=context, **execute_callable_kwargs)
             ^^^^^^^^^^^^^^^^^^^^^^^^^^^^^^^^^^^^^^^^^^^^^^^^^^^^^^^^^^^^^
  File "/home/airflow/.local/lib/python3.12/site-packages/airflow/models/taskinstance.py", line 734, in _execute_callable
    return ExecutionCallableRunner(
           ^^^^^^^^^^^^^^^^^^^^^^^^
  File "/home/airflow/.local/lib/python3.12/site-packages/airflow/utils/operator_helpers.py", line 252, in run
    return self.func(*args, **kwargs)
           ^^^^^^^^^^^^^^^^^^^^^^^^^^
  File "/home/airflow/.local/lib/python3.12/site-packages/airflow/models/baseoperator.py", line 424, in wrapper
    return func(self, *args, **kwargs)
           ^^^^^^^^^^^^^^^^^^^^^^^^^^^
  File "/home/airflow/.local/lib/python3.12/site-packages/airflow/operators/python.py", line 238, in execute
    return_value = self.execute_callable()
                   ^^^^^^^^^^^^^^^^^^^^^^^
  File "/home/airflow/.local/lib/python3.12/site-packages/airflow/operators/python.py", line 256, in execute_callable
    return runner.run(*self.op_args, **self.op_kwargs)
           ^^^^^^^^^^^^^^^^^^^^^^^^^^^^^^^^^^^^^^^^^^^
  File "/home/airflow/.local/lib/python3.12/site-packages/airflow/utils/operator_helpers.py", line 252, in run
    return self.func(*args, **kwargs)
           ^^^^^^^^^^^^^^^^^^^^^^^^^^
  File "/opt/airflow/dags/run_aviasales_app_dag.py", line 43, in task_trigger_aviasales_prices
    response = requests.post(
               ^^^^^^^^^^^^^^
  File "/home/airflow/.local/lib/python3.12/site-packages/requests/api.py", line 115, in post
    return request("post", url, data=data, json=json, **kwargs)
           ^^^^^^^^^^^^^^^^^^^^^^^^^^^^^^^^^^^^^^^^^^^^^^^^^^^^
  File "/home/airflow/.local/lib/python3.12/site-packages/requests/api.py", line 59, in request
    return session.request(method=method, url=url, **kwargs)
           ^^^^^^^^^^^^^^^^^^^^^^^^^^^^^^^^^^^^^^^^^^^^^^^^^
  File "/home/airflow/.local/lib/python3.12/site-packages/requests/sessions.py", line 589, in request
    resp = self.send(prep, **send_kwargs)
           ^^^^^^^^^^^^^^^^^^^^^^^^^^^^^^
  File "/home/airflow/.local/lib/python3.12/site-packages/requests/sessions.py", line 703, in send
    r = adapter.send(request, **kwargs)
        ^^^^^^^^^^^^^^^^^^^^^^^^^^^^^^^
  File "/home/airflow/.local/lib/python3.12/site-packages/requests/adapters.py", line 713, in send
    raise ReadTimeout(e, request=request)
requests.exceptions.ReadTimeout: HTTPConnectionPool(host='host.docker.internal', port=8082): Read timed out. (read timeout=60)
[2025-12-11T13:40:16.591+0000] {local_task_job_runner.py:266} INFO - Task exited with return code 1
[2025-12-11T13:40:16.609+0000] {taskinstance.py:3901} INFO - 0 downstream tasks scheduled from follow-on schedule check
[2025-12-11T13:40:16.613+0000] {local_task_job_runner.py:245} INFO - ::endgroup::
